#
# A fatal error has been detected by the Java Runtime Environment:
#
#  Internal Error (macroAssembler_x86.cpp:830), pid=11300, tid=19924
#  fatal error: DEBUG MESSAGE: illegal bytecode sequence - method not verified
#
# JRE version: OpenJDK Runtime Environment Corretto-20.0.2.10.1 (20.0.2.1+10) (build 20.0.2.1+10-FR)
# Java VM: OpenJDK 64-Bit Server VM Corretto-20.0.2.10.1 (20.0.2.1+10-FR, mixed mode, sharing, tiered, compressed oops, compressed class ptrs, g1 gc, windows-amd64)
# No core dump will be written. Minidumps are not enabled by default on client versions of Windows
#
# If you would like to submit a bug report, please visit:
#   https://github.com/corretto/corretto-20/issues/
#

---------------  S U M M A R Y ------------

Command Line: -agentlib:jdwp=transport=dt_socket,address=127.0.0.1:60667,suspend=y,server=n -javaagent:C:/Users/Patrick/.gradle/caches/modules-2/files-2.1/org.jetbrains.kotlinx/kotlinx-coroutines-core-jvm/1.8.1/bb0e192bd7c2b6b8217440d36e9758e377e450/kotlinx-coroutines-core-jvm-1.8.1.jar -javaagent:C:\Users\Patrick\AppData\Local\JetBrains\IdeaIC2024.1\captureAgent\debugger-agent.jar=file:/C:/Users/Patrick/AppData/Local/Temp/capture.props -Dfile.encoding=UTF-8 -Dsun.stdout.encoding=UTF-8 -Dsun.stderr.encoding=UTF-8 org.example.MainKt

Host: 13th Gen Intel(R) Core(TM) i9-13900K, 32 cores, 63G,  Windows 11 , 64 bit Build 22621 (10.0.22621.3672)
Time: Tue Jul  2 10:02:46 2024 Eastern Daylight Time elapsed time: 2425.120959 seconds (0d 0h 40m 25s)

---------------  T H R E A D  ---------------

Current thread (0x0000020f86d76870):  JavaThread "main" [_thread_in_Java, id=19924, stack(0x000000a643200000,0x000000a643300000)]

Stack: [0x000000a643200000,0x000000a643300000]
Native frames: (J=compiled Java code, j=interpreted, Vv=VM code, C=native code)
V  [jvm.dll+0x6ba11a]
V  [jvm.dll+0x8968da]
V  [jvm.dll+0x898665]
V  [jvm.dll+0x27f71b]
V  [jvm.dll+0x60f19e]
C  0x0000020f964cdad5


---------------  P R O C E S S  ---------------

Threads class SMR info:
_java_thread_list=0x0000020fff3951e0, length=34, elements={
0x0000020f86d76870, 0x0000020f9f59ce60, 0x0000020f9f59d870, 0x0000020f9f59e5c0,
0x0000020f9f5a44c0, 0x0000020f9f5a6f60, 0x0000020f9f5abc50, 0x0000020f9f5a5cc0,
0x0000020f9f5a64b0, 0x0000020ffa0da0b0, 0x0000020ffa2b81f0, 0x0000020ffa3120e0,
0x0000020ffa3185e0, 0x0000020ffe700cd0, 0x0000020ffe75bd00, 0x0000020ffed24310,
0x0000020ffed24860, 0x0000020ffed0a080, 0x0000020fff22c850, 0x0000020fff22b860,
0x0000020fff22a320, 0x0000020fffb4c680, 0x0000020fffb4bbe0, 0x0000020fffb496b0,
0x0000020fffb47180, 0x0000020fffb4d120, 0x0000020fffb4c130, 0x0000020fffb47c20,
0x0000020fffb4dbc0, 0x0000020fffb49c00, 0x0000020fffb4cbd0, 0x0000020fffb4ebb0,
0x0000020fffb4abf0, 0x0000020fffb476d0
}

Java Threads: ( => current thread )
=>0x0000020f86d76870 JavaThread "main" [_thread_in_Java, id=19924, stack(0x000000a643200000,0x000000a643300000)]
  0x0000020f9f59ce60 JavaThread "Reference Handler" daemon [_thread_blocked, id=25476, stack(0x000000a643900000,0x000000a643a00000)]
  0x0000020f9f59d870 JavaThread "Finalizer" daemon [_thread_blocked, id=8536, stack(0x000000a643a00000,0x000000a643b00000)]
  0x0000020f9f59e5c0 JavaThread "Signal Dispatcher" daemon [_thread_blocked, id=48240, stack(0x000000a643b00000,0x000000a643c00000)]
  0x0000020f9f5a44c0 JavaThread "Attach Listener" daemon [_thread_blocked, id=31940, stack(0x000000a643c00000,0x000000a643d00000)]
  0x0000020f9f5a6f60 JavaThread "Service Thread" daemon [_thread_blocked, id=18200, stack(0x000000a643d00000,0x000000a643e00000)]
  0x0000020f9f5abc50 JavaThread "Monitor Deflation Thread" daemon [_thread_blocked, id=43540, stack(0x000000a643e00000,0x000000a643f00000)]
  0x0000020f9f5a5cc0 JavaThread "C2 CompilerThread0" daemon [_thread_blocked, id=12568, stack(0x000000a643f00000,0x000000a644000000)]
  0x0000020f9f5a64b0 JavaThread "C1 CompilerThread0" daemon [_thread_blocked, id=6108, stack(0x000000a644000000,0x000000a644100000)]
  0x0000020ffa0da0b0 JavaThread "Common-Cleaner" daemon [_thread_blocked, id=18112, stack(0x000000a644200000,0x000000a644300000)]
  0x0000020ffa2b81f0 JavaThread "JDWP Transport Listener: dt_socket" daemon [_thread_blocked, id=43312, stack(0x000000a644600000,0x000000a644700000)]
  0x0000020ffa3120e0 JavaThread "JDWP Event Helper Thread" daemon [_thread_blocked, id=47188, stack(0x000000a644700000,0x000000a644800000)]
  0x0000020ffa3185e0 JavaThread "JDWP Command Reader" daemon [_thread_in_native, id=40668, stack(0x000000a644800000,0x000000a644900000)]
  0x0000020ffe700cd0 JavaThread "Coroutines Debugger Cleaner" daemon [_thread_blocked, id=16572, stack(0x000000a644b00000,0x000000a644c00000)]
  0x0000020ffe75bd00 JavaThread "Notification Thread" daemon [_thread_blocked, id=26308, stack(0x000000a644c00000,0x000000a644d00000)]
  0x0000020ffed24310 JavaThread "DefaultDispatcher-worker-1" daemon [_thread_blocked, id=34420, stack(0x000000a644e00000,0x000000a644f00000)]
  0x0000020ffed24860 JavaThread "DefaultDispatcher-worker-2" daemon [_thread_blocked, id=15336, stack(0x000000a644f00000,0x000000a645000000)]
  0x0000020ffed0a080 JavaThread "DefaultDispatcher-worker-3" daemon [_thread_blocked, id=38980, stack(0x000000a645000000,0x000000a645100000)]
  0x0000020fff22c850 JavaThread "OkHttp bsky.social" daemon [_thread_in_native, id=47496, stack(0x000000a646d00000,0x000000a646e00000)]
  0x0000020fff22b860 JavaThread "OkHttp TaskRunner" daemon [_thread_blocked, id=41440, stack(0x000000a646e00000,0x000000a646f00000)]
  0x0000020fff22a320 JavaThread "Okio Watchdog" daemon [_thread_blocked, id=35072, stack(0x000000a646f00000,0x000000a647000000)]
  0x0000020fffb4c680 JavaThread "DefaultDispatcher-worker-4" daemon [_thread_blocked, id=4708, stack(0x000000a646a00000,0x000000a646b00000)]
  0x0000020fffb4bbe0 JavaThread "OkHttp Dispatcher" [_thread_blocked, id=19556, stack(0x000000a644a00000,0x000000a644b00000)]
  0x0000020fffb496b0 JavaThread "OkHttp Dispatcher" [_thread_blocked, id=43504, stack(0x000000a646700000,0x000000a646800000)]
  0x0000020fffb47180 JavaThread "OkHttp Dispatcher" [_thread_blocked, id=42488, stack(0x000000a646800000,0x000000a646900000)]
  0x0000020fffb4d120 JavaThread "OkHttp Dispatcher" [_thread_blocked, id=45904, stack(0x000000a642f00000,0x000000a643000000)]
  0x0000020fffb4c130 JavaThread "OkHttp Dispatcher" [_thread_blocked, id=37844, stack(0x000000a643000000,0x000000a643100000)]
  0x0000020fffb47c20 JavaThread "OkHttp Dispatcher" [_thread_blocked, id=38060, stack(0x000000a643100000,0x000000a643200000)]
  0x0000020fffb4dbc0 JavaThread "OkHttp Dispatcher" [_thread_blocked, id=7724, stack(0x000000a644100000,0x000000a644200000)]
  0x0000020fffb49c00 JavaThread "OkHttp Dispatcher" [_thread_blocked, id=35224, stack(0x000000a646900000,0x000000a646a00000)]
  0x0000020fffb4cbd0 JavaThread "OkHttp Dispatcher" [_thread_blocked, id=47732, stack(0x000000a644300000,0x000000a644400000)]
  0x0000020fffb4ebb0 JavaThread "OkHttp Dispatcher" [_thread_blocked, id=16004, stack(0x000000a644400000,0x000000a644500000)]
  0x0000020fffb4abf0 JavaThread "OkHttp Dispatcher" [_thread_blocked, id=36384, stack(0x000000a644500000,0x000000a644600000)]
  0x0000020fffb476d0 JavaThread "OkHttp Dispatcher" [_thread_blocked, id=2484, stack(0x000000a644900000,0x000000a644a00000)]

Other Threads:
  0x0000020f86d9ad70 VMThread "VM Thread" [stack: 0x000000a643800000,0x000000a643900000] [id=4984]
  0x0000020f86d77890 WatcherThread "VM Periodic Task Thread" [stack: 0x000000a644d00000,0x000000a644e00000] [id=44396]
  0x0000020f86d9a500 WorkerThread "GC Thread#0" [stack: 0x000000a643300000,0x000000a643400000] [id=21572]
  0x0000020ffef92fe0 WorkerThread "GC Thread#1" [stack: 0x000000a645100000,0x000000a645200000] [id=38012]
  0x0000020ffef93df0 WorkerThread "GC Thread#2" [stack: 0x000000a645200000,0x000000a645300000] [id=44460]
  0x0000020ffef93b20 WorkerThread "GC Thread#3" [stack: 0x000000a645300000,0x000000a645400000] [id=22236]
  0x0000020ffef940c0 WorkerThread "GC Thread#4" [stack: 0x000000a645400000,0x000000a645500000] [id=48304]
  0x0000020ffef91f00 WorkerThread "GC Thread#5" [stack: 0x000000a645500000,0x000000a645600000] [id=38376]
  0x0000020ffef94390 WorkerThread "GC Thread#6" [stack: 0x000000a645600000,0x000000a645700000] [id=21872]
  0x0000020ffef94660 WorkerThread "GC Thread#7" [stack: 0x000000a645700000,0x000000a645800000] [id=16272]
  0x0000020ffef94930 WorkerThread "GC Thread#8" [stack: 0x000000a645800000,0x000000a645900000] [id=37684]
  0x0000020ffef91960 WorkerThread "GC Thread#9" [stack: 0x000000a645900000,0x000000a645a00000] [id=22468]
  0x0000020ffef910f0 WorkerThread "GC Thread#10" [stack: 0x000000a645a00000,0x000000a645b00000] [id=46852]
  0x0000020ffef92a40 WorkerThread "GC Thread#11" [stack: 0x000000a645b00000,0x000000a645c00000] [id=48872]
  0x0000020ffef91c30 WorkerThread "GC Thread#12" [stack: 0x000000a645c00000,0x000000a645d00000] [id=44908]
  0x0000020ffef90e20 WorkerThread "GC Thread#13" [stack: 0x000000a645d00000,0x000000a645e00000] [id=44520]
  0x0000020ffef921d0 WorkerThread "GC Thread#14" [stack: 0x000000a645e00000,0x000000a645f00000] [id=37124]
  0x0000020ffef913c0 WorkerThread "GC Thread#15" [stack: 0x000000a645f00000,0x000000a646000000] [id=14356]
  0x0000020ffef92d10 WorkerThread "GC Thread#16" [stack: 0x000000a646000000,0x000000a646100000] [id=33588]
  0x0000020ffef91690 WorkerThread "GC Thread#17" [stack: 0x000000a646100000,0x000000a646200000] [id=40808]
  0x0000020ffef924a0 WorkerThread "GC Thread#18" [stack: 0x000000a646200000,0x000000a646300000] [id=44976]
  0x0000020ffeea2cc0 WorkerThread "GC Thread#19" [stack: 0x000000a646300000,0x000000a646400000] [id=580]
  0x0000020ffeea0b00 WorkerThread "GC Thread#20" [stack: 0x000000a646400000,0x000000a646500000] [id=36516]
  0x0000020ffeea2f90 WorkerThread "GC Thread#21" [stack: 0x000000a646500000,0x000000a646600000] [id=48980]
  0x0000020ffeea3da0 WorkerThread "GC Thread#22" [stack: 0x000000a646600000,0x000000a646700000] [id=47592]
  0x0000020f86dfe890 ConcurrentGCThread "G1 Main Marker" [stack: 0x000000a643400000,0x000000a643500000] [id=35880]
  0x0000020f86d9a7d0 WorkerThread "G1 Conc#0" [stack: 0x000000a643500000,0x000000a643600000] [id=20504]
  0x0000020f9f5081f0 ConcurrentGCThread "G1 Refine#0" [stack: 0x000000a643600000,0x000000a643700000] [id=18152]
  0x0000020f9f5097c0 ConcurrentGCThread "G1 Service" [stack: 0x000000a643700000,0x000000a643800000] [id=22508]

Threads with active compile tasks:

VM state: not at safepoint (normal execution)

VM Mutex/Monitor currently owned by a thread: None

Heap address: 0x0000000403800000, size: 16328 MB, Compressed Oops mode: Zero based, Oop shift amount: 3

CDS archive(s) mapped at: [0x0000020fb9000000-0x0000020fb9c60000-0x0000020fb9c60000), size 12976128, SharedBaseAddress: 0x0000020fb9000000, ArchiveRelocationMode: 1.
Compressed class space mapped at: 0x0000020fba000000-0x0000020ffa000000, reserved size: 1073741824
Narrow klass base: 0x0000020fb9000000, Narrow klass shift: 0, Narrow klass range: 0x100000000

GC Precious Log:
 CardTable entry size: 512
 Card Set container configuration: InlinePtr #cards 4 size 8 Array Of Cards #cards 64 size 144 Howl #buckets 8 coarsen threshold 14745 Howl Bitmap #cards 2048 size 272 coarsen threshold 1843 Card regions per heap region 1 cards per card region 16384
 CPUs: 32 total, 32 available
 Memory: 65297M
 Large Page Support: Disabled
 NUMA Support: Disabled
 Compressed Oops: Enabled (Zero based)
 Heap Region Size: 8M
 Heap Min Capacity: 8M
 Heap Initial Capacity: 1G
 Heap Max Capacity: 16328M
 Pre-touch: Disabled
 Parallel Workers: 23
 Concurrent Workers: 6
 Concurrent Refinement Workers: 23
 Periodic GC: Disabled

Heap:
 garbage-first heap   total 1048576K, used 352145K [0x0000000403800000, 0x0000000800000000)
  region size 8192K, 44 young (360448K), 1 survivors (8192K)
 Metaspace       used 18217K, committed 18432K, reserved 1114112K
  class space    used 1640K, committed 1728K, reserved 1048576K

Heap Regions: E=young(eden), S=young(survivor), O=old, HS=humongous(starts), HC=humongous(continues), CS=collection set, F=free, OA=open archive, CA=closed archive, TAMS=top-at-mark-start, PB=parsable bottom
|   0|0x0000000403800000, 0x0000000403c12200, 0x0000000404000000| 50%| O|  |TAMS 0x0000000403800000| PB 0x0000000403800000| Untracked 
|   1|0x0000000404000000, 0x0000000404000000, 0x0000000404800000|  0%| F|  |TAMS 0x0000000404000000| PB 0x0000000404000000| Untracked 
|   2|0x0000000404800000, 0x0000000404800000, 0x0000000405000000|  0%| F|  |TAMS 0x0000000404800000| PB 0x0000000404800000| Untracked 
|   3|0x0000000405000000, 0x0000000405000000, 0x0000000405800000|  0%| F|  |TAMS 0x0000000405000000| PB 0x0000000405000000| Untracked 
|   4|0x0000000405800000, 0x0000000405800000, 0x0000000406000000|  0%| F|  |TAMS 0x0000000405800000| PB 0x0000000405800000| Untracked 
|   5|0x0000000406000000, 0x0000000406000000, 0x0000000406800000|  0%| F|  |TAMS 0x0000000406000000| PB 0x0000000406000000| Untracked 
|   6|0x0000000406800000, 0x0000000406800000, 0x0000000407000000|  0%| F|  |TAMS 0x0000000406800000| PB 0x0000000406800000| Untracked 
|   7|0x0000000407000000, 0x0000000407000000, 0x0000000407800000|  0%| F|  |TAMS 0x0000000407000000| PB 0x0000000407000000| Untracked 
|   8|0x0000000407800000, 0x0000000407800000, 0x0000000408000000|  0%| F|  |TAMS 0x0000000407800000| PB 0x0000000407800000| Untracked 
|   9|0x0000000408000000, 0x0000000408000000, 0x0000000408800000|  0%| F|  |TAMS 0x0000000408000000| PB 0x0000000408000000| Untracked 
|  10|0x0000000408800000, 0x0000000408800000, 0x0000000409000000|  0%| F|  |TAMS 0x0000000408800000| PB 0x0000000408800000| Untracked 
|  11|0x0000000409000000, 0x0000000409000000, 0x0000000409800000|  0%| F|  |TAMS 0x0000000409000000| PB 0x0000000409000000| Untracked 
|  12|0x0000000409800000, 0x0000000409800000, 0x000000040a000000|  0%| F|  |TAMS 0x0000000409800000| PB 0x0000000409800000| Untracked 
|  13|0x000000040a000000, 0x000000040a000000, 0x000000040a800000|  0%| F|  |TAMS 0x000000040a000000| PB 0x000000040a000000| Untracked 
|  14|0x000000040a800000, 0x000000040a800000, 0x000000040b000000|  0%| F|  |TAMS 0x000000040a800000| PB 0x000000040a800000| Untracked 
|  15|0x000000040b000000, 0x000000040b000000, 0x000000040b800000|  0%| F|  |TAMS 0x000000040b000000| PB 0x000000040b000000| Untracked 
|  16|0x000000040b800000, 0x000000040b800000, 0x000000040c000000|  0%| F|  |TAMS 0x000000040b800000| PB 0x000000040b800000| Untracked 
|  17|0x000000040c000000, 0x000000040c000000, 0x000000040c800000|  0%| F|  |TAMS 0x000000040c000000| PB 0x000000040c000000| Untracked 
|  18|0x000000040c800000, 0x000000040c800000, 0x000000040d000000|  0%| F|  |TAMS 0x000000040c800000| PB 0x000000040c800000| Untracked 
|  19|0x000000040d000000, 0x000000040d000000, 0x000000040d800000|  0%| F|  |TAMS 0x000000040d000000| PB 0x000000040d000000| Untracked 
|  20|0x000000040d800000, 0x000000040d800000, 0x000000040e000000|  0%| F|  |TAMS 0x000000040d800000| PB 0x000000040d800000| Untracked 
|  21|0x000000040e000000, 0x000000040e000000, 0x000000040e800000|  0%| F|  |TAMS 0x000000040e000000| PB 0x000000040e000000| Untracked 
|  22|0x000000040e800000, 0x000000040e800000, 0x000000040f000000|  0%| F|  |TAMS 0x000000040e800000| PB 0x000000040e800000| Untracked 
|  23|0x000000040f000000, 0x000000040f000000, 0x000000040f800000|  0%| F|  |TAMS 0x000000040f000000| PB 0x000000040f000000| Untracked 
|  24|0x000000040f800000, 0x000000040f800000, 0x0000000410000000|  0%| F|  |TAMS 0x000000040f800000| PB 0x000000040f800000| Untracked 
|  25|0x0000000410000000, 0x0000000410000000, 0x0000000410800000|  0%| F|  |TAMS 0x0000000410000000| PB 0x0000000410000000| Untracked 
|  26|0x0000000410800000, 0x0000000410800000, 0x0000000411000000|  0%| F|  |TAMS 0x0000000410800000| PB 0x0000000410800000| Untracked 
|  27|0x0000000411000000, 0x0000000411000000, 0x0000000411800000|  0%| F|  |TAMS 0x0000000411000000| PB 0x0000000411000000| Untracked 
|  28|0x0000000411800000, 0x0000000411800000, 0x0000000412000000|  0%| F|  |TAMS 0x0000000411800000| PB 0x0000000411800000| Untracked 
|  29|0x0000000412000000, 0x0000000412000000, 0x0000000412800000|  0%| F|  |TAMS 0x0000000412000000| PB 0x0000000412000000| Untracked 
|  30|0x0000000412800000, 0x0000000412800000, 0x0000000413000000|  0%| F|  |TAMS 0x0000000412800000| PB 0x0000000412800000| Untracked 
|  31|0x0000000413000000, 0x0000000413000000, 0x0000000413800000|  0%| F|  |TAMS 0x0000000413000000| PB 0x0000000413000000| Untracked 
|  32|0x0000000413800000, 0x0000000413800000, 0x0000000414000000|  0%| F|  |TAMS 0x0000000413800000| PB 0x0000000413800000| Untracked 
|  33|0x0000000414000000, 0x0000000414000000, 0x0000000414800000|  0%| F|  |TAMS 0x0000000414000000| PB 0x0000000414000000| Untracked 
|  34|0x0000000414800000, 0x0000000414800000, 0x0000000415000000|  0%| F|  |TAMS 0x0000000414800000| PB 0x0000000414800000| Untracked 
|  35|0x0000000415000000, 0x0000000415000000, 0x0000000415800000|  0%| F|  |TAMS 0x0000000415000000| PB 0x0000000415000000| Untracked 
|  36|0x0000000415800000, 0x0000000415800000, 0x0000000416000000|  0%| F|  |TAMS 0x0000000415800000| PB 0x0000000415800000| Untracked 
|  37|0x0000000416000000, 0x0000000416000000, 0x0000000416800000|  0%| F|  |TAMS 0x0000000416000000| PB 0x0000000416000000| Untracked 
|  38|0x0000000416800000, 0x0000000416800000, 0x0000000417000000|  0%| F|  |TAMS 0x0000000416800000| PB 0x0000000416800000| Untracked 
|  39|0x0000000417000000, 0x0000000417000000, 0x0000000417800000|  0%| F|  |TAMS 0x0000000417000000| PB 0x0000000417000000| Untracked 
|  40|0x0000000417800000, 0x0000000417800000, 0x0000000418000000|  0%| F|  |TAMS 0x0000000417800000| PB 0x0000000417800000| Untracked 
|  41|0x0000000418000000, 0x0000000418000000, 0x0000000418800000|  0%| F|  |TAMS 0x0000000418000000| PB 0x0000000418000000| Untracked 
|  42|0x0000000418800000, 0x0000000418800000, 0x0000000419000000|  0%| F|  |TAMS 0x0000000418800000| PB 0x0000000418800000| Untracked 
|  43|0x0000000419000000, 0x0000000419000000, 0x0000000419800000|  0%| F|  |TAMS 0x0000000419000000| PB 0x0000000419000000| Untracked 
|  44|0x0000000419800000, 0x0000000419800000, 0x000000041a000000|  0%| F|  |TAMS 0x0000000419800000| PB 0x0000000419800000| Untracked 
|  45|0x000000041a000000, 0x000000041a000000, 0x000000041a800000|  0%| F|  |TAMS 0x000000041a000000| PB 0x000000041a000000| Untracked 
|  46|0x000000041a800000, 0x000000041a800000, 0x000000041b000000|  0%| F|  |TAMS 0x000000041a800000| PB 0x000000041a800000| Untracked 
|  47|0x000000041b000000, 0x000000041b000000, 0x000000041b800000|  0%| F|  |TAMS 0x000000041b000000| PB 0x000000041b000000| Untracked 
|  48|0x000000041b800000, 0x000000041b800000, 0x000000041c000000|  0%| F|  |TAMS 0x000000041b800000| PB 0x000000041b800000| Untracked 
|  49|0x000000041c000000, 0x000000041c000000, 0x000000041c800000|  0%| F|  |TAMS 0x000000041c000000| PB 0x000000041c000000| Untracked 
|  50|0x000000041c800000, 0x000000041c800000, 0x000000041d000000|  0%| F|  |TAMS 0x000000041c800000| PB 0x000000041c800000| Untracked 
|  51|0x000000041d000000, 0x000000041d000000, 0x000000041d800000|  0%| F|  |TAMS 0x000000041d000000| PB 0x000000041d000000| Untracked 
|  52|0x000000041d800000, 0x000000041d800000, 0x000000041e000000|  0%| F|  |TAMS 0x000000041d800000| PB 0x000000041d800000| Untracked 
|  53|0x000000041e000000, 0x000000041e000000, 0x000000041e800000|  0%| F|  |TAMS 0x000000041e000000| PB 0x000000041e000000| Untracked 
|  54|0x000000041e800000, 0x000000041e800000, 0x000000041f000000|  0%| F|  |TAMS 0x000000041e800000| PB 0x000000041e800000| Untracked 
|  55|0x000000041f000000, 0x000000041f000000, 0x000000041f800000|  0%| F|  |TAMS 0x000000041f000000| PB 0x000000041f000000| Untracked 
|  56|0x000000041f800000, 0x000000041f800000, 0x0000000420000000|  0%| F|  |TAMS 0x000000041f800000| PB 0x000000041f800000| Untracked 
|  57|0x0000000420000000, 0x0000000420000000, 0x0000000420800000|  0%| F|  |TAMS 0x0000000420000000| PB 0x0000000420000000| Untracked 
|  58|0x0000000420800000, 0x0000000420800000, 0x0000000421000000|  0%| F|  |TAMS 0x0000000420800000| PB 0x0000000420800000| Untracked 
|  59|0x0000000421000000, 0x0000000421000000, 0x0000000421800000|  0%| F|  |TAMS 0x0000000421000000| PB 0x0000000421000000| Untracked 
|  60|0x0000000421800000, 0x0000000421800000, 0x0000000422000000|  0%| F|  |TAMS 0x0000000421800000| PB 0x0000000421800000| Untracked 
|  61|0x0000000422000000, 0x0000000422000000, 0x0000000422800000|  0%| F|  |TAMS 0x0000000422000000| PB 0x0000000422000000| Untracked 
|  62|0x0000000422800000, 0x0000000422800000, 0x0000000423000000|  0%| F|  |TAMS 0x0000000422800000| PB 0x0000000422800000| Untracked 
|  63|0x0000000423000000, 0x0000000423000000, 0x0000000423800000|  0%| F|  |TAMS 0x0000000423000000| PB 0x0000000423000000| Untracked 
|  64|0x0000000423800000, 0x0000000423800000, 0x0000000424000000|  0%| F|  |TAMS 0x0000000423800000| PB 0x0000000423800000| Untracked 
|  65|0x0000000424000000, 0x0000000424000000, 0x0000000424800000|  0%| F|  |TAMS 0x0000000424000000| PB 0x0000000424000000| Untracked 
|  66|0x0000000424800000, 0x0000000424800000, 0x0000000425000000|  0%| F|  |TAMS 0x0000000424800000| PB 0x0000000424800000| Untracked 
|  67|0x0000000425000000, 0x0000000425000000, 0x0000000425800000|  0%| F|  |TAMS 0x0000000425000000| PB 0x0000000425000000| Untracked 
|  68|0x0000000425800000, 0x0000000425800000, 0x0000000426000000|  0%| F|  |TAMS 0x0000000425800000| PB 0x0000000425800000| Untracked 
|  69|0x0000000426000000, 0x0000000426000000, 0x0000000426800000|  0%| F|  |TAMS 0x0000000426000000| PB 0x0000000426000000| Untracked 
|  70|0x0000000426800000, 0x0000000426800000, 0x0000000427000000|  0%| F|  |TAMS 0x0000000426800000| PB 0x0000000426800000| Untracked 
|  71|0x0000000427000000, 0x0000000427000000, 0x0000000427800000|  0%| F|  |TAMS 0x0000000427000000| PB 0x0000000427000000| Untracked 
|  72|0x0000000427800000, 0x0000000427800000, 0x0000000428000000|  0%| F|  |TAMS 0x0000000427800000| PB 0x0000000427800000| Untracked 
|  73|0x0000000428000000, 0x0000000428000000, 0x0000000428800000|  0%| F|  |TAMS 0x0000000428000000| PB 0x0000000428000000| Untracked 
|  74|0x0000000428800000, 0x0000000428800000, 0x0000000429000000|  0%| F|  |TAMS 0x0000000428800000| PB 0x0000000428800000| Untracked 
|  75|0x0000000429000000, 0x0000000429000000, 0x0000000429800000|  0%| F|  |TAMS 0x0000000429000000| PB 0x0000000429000000| Untracked 
|  76|0x0000000429800000, 0x0000000429800000, 0x000000042a000000|  0%| F|  |TAMS 0x0000000429800000| PB 0x0000000429800000| Untracked 
|  77|0x000000042a000000, 0x000000042a000000, 0x000000042a800000|  0%| F|  |TAMS 0x000000042a000000| PB 0x000000042a000000| Untracked 
|  78|0x000000042a800000, 0x000000042a800000, 0x000000042b000000|  0%| F|  |TAMS 0x000000042a800000| PB 0x000000042a800000| Untracked 
|  79|0x000000042b000000, 0x000000042b000000, 0x000000042b800000|  0%| F|  |TAMS 0x000000042b000000| PB 0x000000042b000000| Untracked 
|  80|0x000000042b800000, 0x000000042b800000, 0x000000042c000000|  0%| F|  |TAMS 0x000000042b800000| PB 0x000000042b800000| Untracked 
|  81|0x000000042c000000, 0x000000042c000000, 0x000000042c800000|  0%| F|  |TAMS 0x000000042c000000| PB 0x000000042c000000| Untracked 
|  82|0x000000042c800000, 0x000000042c800000, 0x000000042d000000|  0%| F|  |TAMS 0x000000042c800000| PB 0x000000042c800000| Untracked 
|  83|0x000000042d000000, 0x000000042d000000, 0x000000042d800000|  0%| F|  |TAMS 0x000000042d000000| PB 0x000000042d000000| Untracked 
|  84|0x000000042d800000, 0x000000042d922740, 0x000000042e000000| 14%| E|  |TAMS 0x000000042d800000| PB 0x000000042d800000| Complete 
|  85|0x000000042e000000, 0x000000042e800000, 0x000000042e800000|100%| E|CS|TAMS 0x000000042e000000| PB 0x000000042e000000| Complete 
|  86|0x000000042e800000, 0x000000042f000000, 0x000000042f000000|100%| E|CS|TAMS 0x000000042e800000| PB 0x000000042e800000| Complete 
|  87|0x000000042f000000, 0x000000042f800000, 0x000000042f800000|100%| E|CS|TAMS 0x000000042f000000| PB 0x000000042f000000| Complete 
|  88|0x000000042f800000, 0x0000000430000000, 0x0000000430000000|100%| E|CS|TAMS 0x000000042f800000| PB 0x000000042f800000| Complete 
|  89|0x0000000430000000, 0x0000000430800000, 0x0000000430800000|100%| E|CS|TAMS 0x0000000430000000| PB 0x0000000430000000| Complete 
|  90|0x0000000430800000, 0x0000000431000000, 0x0000000431000000|100%| E|CS|TAMS 0x0000000430800000| PB 0x0000000430800000| Complete 
|  91|0x0000000431000000, 0x0000000431800000, 0x0000000431800000|100%| E|CS|TAMS 0x0000000431000000| PB 0x0000000431000000| Complete 
|  92|0x0000000431800000, 0x0000000432000000, 0x0000000432000000|100%| E|CS|TAMS 0x0000000431800000| PB 0x0000000431800000| Complete 
|  93|0x0000000432000000, 0x0000000432800000, 0x0000000432800000|100%| E|CS|TAMS 0x0000000432000000| PB 0x0000000432000000| Complete 
|  94|0x0000000432800000, 0x0000000433000000, 0x0000000433000000|100%| E|CS|TAMS 0x0000000432800000| PB 0x0000000432800000| Complete 
|  95|0x0000000433000000, 0x0000000433800000, 0x0000000433800000|100%| E|CS|TAMS 0x0000000433000000| PB 0x0000000433000000| Complete 
|  96|0x0000000433800000, 0x0000000434000000, 0x0000000434000000|100%| E|CS|TAMS 0x0000000433800000| PB 0x0000000433800000| Complete 
|  97|0x0000000434000000, 0x0000000434800000, 0x0000000434800000|100%| E|CS|TAMS 0x0000000434000000| PB 0x0000000434000000| Complete 
|  98|0x0000000434800000, 0x0000000435000000, 0x0000000435000000|100%| E|CS|TAMS 0x0000000434800000| PB 0x0000000434800000| Complete 
|  99|0x0000000435000000, 0x0000000435800000, 0x0000000435800000|100%| E|CS|TAMS 0x0000000435000000| PB 0x0000000435000000| Complete 
| 100|0x0000000435800000, 0x0000000436000000, 0x0000000436000000|100%| E|CS|TAMS 0x0000000435800000| PB 0x0000000435800000| Complete 
| 101|0x0000000436000000, 0x0000000436800000, 0x0000000436800000|100%| E|CS|TAMS 0x0000000436000000| PB 0x0000000436000000| Complete 
| 102|0x0000000436800000, 0x0000000437000000, 0x0000000437000000|100%| E|CS|TAMS 0x0000000436800000| PB 0x0000000436800000| Complete 
| 103|0x0000000437000000, 0x0000000437800000, 0x0000000437800000|100%| E|CS|TAMS 0x0000000437000000| PB 0x0000000437000000| Complete 
| 104|0x0000000437800000, 0x0000000438000000, 0x0000000438000000|100%| E|CS|TAMS 0x0000000437800000| PB 0x0000000437800000| Complete 
| 105|0x0000000438000000, 0x0000000438800000, 0x0000000438800000|100%| E|CS|TAMS 0x0000000438000000| PB 0x0000000438000000| Complete 
| 106|0x0000000438800000, 0x0000000439000000, 0x0000000439000000|100%| E|CS|TAMS 0x0000000438800000| PB 0x0000000438800000| Complete 
| 107|0x0000000439000000, 0x0000000439800000, 0x0000000439800000|100%| E|CS|TAMS 0x0000000439000000| PB 0x0000000439000000| Complete 
| 108|0x0000000439800000, 0x000000043a000000, 0x000000043a000000|100%| E|CS|TAMS 0x0000000439800000| PB 0x0000000439800000| Complete 
| 109|0x000000043a000000, 0x000000043a800000, 0x000000043a800000|100%| E|CS|TAMS 0x000000043a000000| PB 0x000000043a000000| Complete 
| 110|0x000000043a800000, 0x000000043b000000, 0x000000043b000000|100%| E|CS|TAMS 0x000000043a800000| PB 0x000000043a800000| Complete 
| 111|0x000000043b000000, 0x000000043b800000, 0x000000043b800000|100%| E|CS|TAMS 0x000000043b000000| PB 0x000000043b000000| Complete 
| 112|0x000000043b800000, 0x000000043c000000, 0x000000043c000000|100%| E|CS|TAMS 0x000000043b800000| PB 0x000000043b800000| Complete 
| 113|0x000000043c000000, 0x000000043c800000, 0x000000043c800000|100%| E|CS|TAMS 0x000000043c000000| PB 0x000000043c000000| Complete 
| 114|0x000000043c800000, 0x000000043cbd25c0, 0x000000043d000000| 47%| S|CS|TAMS 0x000000043c800000| PB 0x000000043c800000| Complete 
| 115|0x000000043d000000, 0x000000043d800000, 0x000000043d800000|100%| E|CS|TAMS 0x000000043d000000| PB 0x000000043d000000| Complete 
| 116|0x000000043d800000, 0x000000043e000000, 0x000000043e000000|100%| E|CS|TAMS 0x000000043d800000| PB 0x000000043d800000| Complete 
| 117|0x000000043e000000, 0x000000043e800000, 0x000000043e800000|100%| E|CS|TAMS 0x000000043e000000| PB 0x000000043e000000| Complete 
| 118|0x000000043e800000, 0x000000043f000000, 0x000000043f000000|100%| E|CS|TAMS 0x000000043e800000| PB 0x000000043e800000| Complete 
| 119|0x000000043f000000, 0x000000043f800000, 0x000000043f800000|100%| E|CS|TAMS 0x000000043f000000| PB 0x000000043f000000| Complete 
| 120|0x000000043f800000, 0x0000000440000000, 0x0000000440000000|100%| E|CS|TAMS 0x000000043f800000| PB 0x000000043f800000| Complete 
| 121|0x0000000440000000, 0x0000000440800000, 0x0000000440800000|100%| E|CS|TAMS 0x0000000440000000| PB 0x0000000440000000| Complete 
| 122|0x0000000440800000, 0x0000000441000000, 0x0000000441000000|100%| E|CS|TAMS 0x0000000440800000| PB 0x0000000440800000| Complete 
| 123|0x0000000441000000, 0x0000000441800000, 0x0000000441800000|100%| E|CS|TAMS 0x0000000441000000| PB 0x0000000441000000| Complete 
| 124|0x0000000441800000, 0x0000000442000000, 0x0000000442000000|100%| E|CS|TAMS 0x0000000441800000| PB 0x0000000441800000| Complete 
| 125|0x0000000442000000, 0x0000000442800000, 0x0000000442800000|100%| E|CS|TAMS 0x0000000442000000| PB 0x0000000442000000| Complete 
| 126|0x0000000442800000, 0x0000000443000000, 0x0000000443000000|100%| E|CS|TAMS 0x0000000442800000| PB 0x0000000442800000| Complete 
| 127|0x0000000443000000, 0x0000000443800000, 0x0000000443800000|100%| E|CS|TAMS 0x0000000443000000| PB 0x0000000443000000| Complete 

Card table byte_map: [0x0000020fa15b0000,0x0000020fa35a0000] _byte_map_base: 0x0000020f9f594000

Marking Bits: (CMBitMap*) 0x0000020f86dee0a0
 Bits: [0x0000020fa5590000, 0x0000020fb54b0000)

Polling page: 0x0000020f84d60000

Metaspace:

Usage:
  Non-class:     16.19 MB used.
      Class:      1.60 MB used.
       Both:     17.79 MB used.

Virtual space:
  Non-class space:       64.00 MB reserved,      16.31 MB ( 25%) committed,  1 nodes.
      Class space:        1.00 GB reserved,       1.69 MB ( <1%) committed,  1 nodes.
             Both:        1.06 GB reserved,      18.00 MB (  2%) committed. 

Chunk freelists:
   Non-Class:  3.29 MB
       Class:  2.31 MB
        Both:  5.60 MB

MaxMetaspaceSize: unlimited
CompressedClassSpaceSize: 1.00 GB
Initial GC threshold: 21.00 MB
Current GC threshold: 21.00 MB
CDS: on
MetaspaceReclaimPolicy: balanced
 - commit_granule_bytes: 65536.
 - commit_granule_words: 8192.
 - virtual_space_node_default_size: 8388608.
 - enlarge_chunks_in_place: 1.
 - new_chunks_are_fully_committed: 0.
 - uncommit_free_chunks: 1.
 - use_allocation_guard: 0.


Internal statistics:

num_allocs_failed_limit: 0.
num_arena_births: 172.
num_arena_deaths: 0.
num_vsnodes_births: 2.
num_vsnodes_deaths: 0.
num_space_committed: 288.
num_space_uncommitted: 0.
num_chunks_returned_to_freelist: 0.
num_chunks_taken_from_freelist: 565.
num_chunk_merges: 0.
num_chunk_splits: 410.
num_chunks_enlarged: 320.
num_inconsistent_stats: 0.

CodeHeap 'non-profiled nmethods': size=118848Kb used=2034Kb max_used=2034Kb free=116813Kb
 bounds [0x0000020f96c90000, 0x0000020f96f00000, 0x0000020f9e0a0000]
CodeHeap 'profiled nmethods': size=118848Kb used=10255Kb max_used=10255Kb free=108592Kb
 bounds [0x0000020f8f0a0000, 0x0000020f8fab0000, 0x0000020f964b0000]
CodeHeap 'non-nmethods': size=8064Kb used=1633Kb max_used=3913Kb free=6430Kb
 bounds [0x0000020f964b0000, 0x0000020f96890000, 0x0000020f96c90000]
 total_blobs=5072 nmethods=4500 adapters=482
 compilation: enabled
              stopped_count=0, restarted_count=0
 full_count=0

Compilation events (20 events):
Event: 2285.381 Thread 0x0000020f9f5a64b0 4494       3       kotlinx.coroutines.scheduling.CoroutineScheduler$Worker::findAnyTask (115 bytes)
Event: 2285.382 Thread 0x0000020f9f5a64b0 nmethod 4494 0x0000020f8faa0610 code [0x0000020f8faa0840, 0x0000020f8faa0fd0]
Event: 2311.212 Thread 0x0000020f9f5a5cc0 4495       4       okhttp3.internal.http2.Hpack$Reader::readByteString (79 bytes)
Event: 2311.217 Thread 0x0000020f9f5a5cc0 nmethod 4495 0x0000020f96e88610 code [0x0000020f96e88820, 0x0000020f96e88fc8]
Event: 2311.217 Thread 0x0000020f9f5a5cc0 4496       4       java.util.concurrent.atomic.AtomicIntegerFieldUpdater$AtomicIntegerFieldUpdaterImpl::set (18 bytes)
Event: 2311.217 Thread 0x0000020f9f5a5cc0 nmethod 4496 0x0000020f96e89810 code [0x0000020f96e89980, 0x0000020f96e89ae8]
Event: 2373.258 Thread 0x0000020f9f5a5cc0 4497       4       java.nio.HeapByteBuffer::get (15 bytes)
Event: 2373.259 Thread 0x0000020f9f5a5cc0 nmethod 4497 0x0000020f96e89c10 code [0x0000020f96e89d80, 0x0000020f96e89ec0]
Event: 2378.410 Thread 0x0000020f9f5a64b0 4498       3       okio.Buffer::getByte (241 bytes)
Event: 2378.411 Thread 0x0000020f9f5a64b0 nmethod 4498 0x0000020f8faa1210 code [0x0000020f8faa15e0, 0x0000020f8faa2f68]
Event: 2383.582 Thread 0x0000020f9f5a5cc0 4499       4       kotlinx.coroutines.internal.LockFreeLinkedListNode::removeOrNext (68 bytes)
Event: 2383.591 Thread 0x0000020f9f5a5cc0 nmethod 4499 0x0000020f96e8a010 code [0x0000020f96e8a1c0, 0x0000020f96e8aad8]
Event: 2388.766 Thread 0x0000020f9f5a5cc0 4500       4       kotlinx.coroutines.DispatchedTask::getExceptionalResult$kotlinx_coroutines_core (28 bytes)
Event: 2388.767 Thread 0x0000020f9f5a5cc0 nmethod 4500 0x0000020f96e8b010 code [0x0000020f96e8b180, 0x0000020f96e8b238]
Event: 2419.920 Thread 0x0000020f9f5a5cc0 4501       4       java.util.ArrayList::indexOf (11 bytes)
Event: 2419.921 Thread 0x0000020f9f5a5cc0 nmethod 4501 0x0000020f96e8b310 code [0x0000020f96e8b480, 0x0000020f96e8b5d8]
Event: 2424.973 Thread 0x0000020f9f5a5cc0 4502       4       io.ktor.util.DelegatingMutableSet::<init> (51 bytes)
Event: 2424.976 Thread 0x0000020f9f5a5cc0 nmethod 4502 0x0000020f96e8b710 code [0x0000020f96e8b880, 0x0000020f96e8bce8]
Event: 2424.976 Thread 0x0000020f9f5a5cc0 4503       4       io.ktor.util.DelegatingMutableSet::iterator (12 bytes)
Event: 2424.978 Thread 0x0000020f9f5a5cc0 nmethod 4503 0x0000020f96e8bf10 code [0x0000020f96e8c0a0, 0x0000020f96e8c620]

GC Heap History (6 events):
Event: 0.336 GC heap before
{Heap before GC invocations=0 (full 0):
 garbage-first heap   total 1048576K, used 40960K [0x0000000403800000, 0x0000000800000000)
  region size 8192K, 6 young (49152K), 0 survivors (0K)
 Metaspace       used 7701K, committed 7872K, reserved 1114112K
  class space    used 697K, committed 768K, reserved 1048576K
}
Event: 0.339 GC heap after
{Heap after GC invocations=1 (full 0):
 garbage-first heap   total 1048576K, used 5523K [0x0000000403800000, 0x0000000800000000)
  region size 8192K, 1 young (8192K), 1 survivors (8192K)
 Metaspace       used 7701K, committed 7872K, reserved 1114112K
  class space    used 697K, committed 768K, reserved 1048576K
}
Event: 14.337 GC heap before
{Heap before GC invocations=1 (full 0):
 garbage-first heap   total 1048576K, used 46483K [0x0000000403800000, 0x0000000800000000)
  region size 8192K, 6 young (49152K), 1 survivors (8192K)
 Metaspace       used 16755K, committed 16960K, reserved 1114112K
  class space    used 1625K, committed 1728K, reserved 1048576K
}
Event: 14.346 GC heap after
{Heap after GC invocations=2 (full 0):
 garbage-first heap   total 1048576K, used 7669K [0x0000000403800000, 0x0000000800000000)
  region size 8192K, 1 young (8192K), 1 survivors (8192K)
 Metaspace       used 16755K, committed 16960K, reserved 1114112K
  class space    used 1625K, committed 1728K, reserved 1048576K
}
Event: 888.512 GC heap before
{Heap before GC invocations=2 (full 0):
 garbage-first heap   total 1048576K, used 105973K [0x0000000403800000, 0x0000000800000000)
  region size 8192K, 13 young (106496K), 1 survivors (8192K)
 Metaspace       used 17840K, committed 18048K, reserved 1114112K
  class space    used 1640K, committed 1728K, reserved 1048576K
}
Event: 888.514 GC heap after
{Heap after GC invocations=3 (full 0):
 garbage-first heap   total 1048576K, used 8081K [0x0000000403800000, 0x0000000800000000)
  region size 8192K, 1 young (8192K), 1 survivors (8192K)
 Metaspace       used 17840K, committed 18048K, reserved 1114112K
  class space    used 1640K, committed 1728K, reserved 1048576K
}

Dll operation events (11 events):
Event: 0.005 Loaded shared library C:\Users\Patrick\.jdks\corretto-20.0.2.1\bin\java.dll
Event: 0.005 Loaded shared library C:\Users\Patrick\.jdks\corretto-20.0.2.1\bin\zip.dll
Event: 0.017 Loaded shared library C:\Users\Patrick\.jdks\corretto-20.0.2.1\bin\jsvml.dll
Event: 0.064 Loaded shared library C:\Users\Patrick\.jdks\corretto-20.0.2.1\bin\instrument.dll
Event: 0.066 Loaded shared library C:\Users\Patrick\.jdks\corretto-20.0.2.1\bin\net.dll
Event: 0.067 Loaded shared library C:\Users\Patrick\.jdks\corretto-20.0.2.1\bin\nio.dll
Event: 0.069 Loaded shared library C:\Users\Patrick\.jdks\corretto-20.0.2.1\bin\zip.dll
Event: 0.081 Loaded shared library C:\Users\Patrick\.jdks\corretto-20.0.2.1\bin\jimage.dll
Event: 0.229 Loaded shared library C:\Users\Patrick\.jdks\corretto-20.0.2.1\bin\verify.dll
Event: 0.329 Loaded shared library C:\Users\Patrick\.jdks\corretto-20.0.2.1\bin\sunmscapi.dll
Event: 0.450 Loaded shared library C:\Users\Patrick\.jdks\corretto-20.0.2.1\bin\extnet.dll

Deoptimization events (20 events):
Event: 1649.479 Thread 0x0000020fffb4c680 DEOPT PACKING pc=0x0000020f96e2010c sp=0x000000a646afe250
Event: 1649.479 Thread 0x0000020fffb4c680 DEOPT UNPACKING pc=0x0000020f96519d22 sp=0x000000a646afe198 mode 2
Event: 1685.785 Thread 0x0000020fffb4e660 DEOPT PACKING pc=0x0000020f8f5ba0ef sp=0x000000a6467fdba0
Event: 1685.785 Thread 0x0000020fffb4e660 DEOPT UNPACKING pc=0x0000020f9651a4c2 sp=0x000000a6467fd090 mode 0
Event: 1743.137 Thread 0x0000020fffb4c680 Uncommon trap: trap_request=0xffffffde fr.pc=0x0000020f96e2010c relative=0x00000000000003cc
Event: 1743.137 Thread 0x0000020fffb4c680 Uncommon trap: reason=class_check action=maybe_recompile pc=0x0000020f96e2010c method=io.ktor.utils.io.ByteBufferChannel.tryReleaseBuffer(Z)Z @ 112 c2
Event: 1743.137 Thread 0x0000020fffb4c680 DEOPT PACKING pc=0x0000020f96e2010c sp=0x000000a646afe520
Event: 1743.137 Thread 0x0000020fffb4c680 DEOPT UNPACKING pc=0x0000020f96519d22 sp=0x000000a646afe468 mode 2
Event: 1769.072 Thread 0x0000020ffed24310 Uncommon trap: trap_request=0xffffffde fr.pc=0x0000020f96e2010c relative=0x00000000000003cc
Event: 1769.072 Thread 0x0000020ffed24310 Uncommon trap: reason=class_check action=maybe_recompile pc=0x0000020f96e2010c method=io.ktor.utils.io.ByteBufferChannel.tryReleaseBuffer(Z)Z @ 112 c2
Event: 1769.072 Thread 0x0000020ffed24310 DEOPT PACKING pc=0x0000020f96e2010c sp=0x000000a644efeb00
Event: 1769.072 Thread 0x0000020ffed24310 DEOPT UNPACKING pc=0x0000020f96519d22 sp=0x000000a644efea48 mode 2
Event: 2206.782 Thread 0x0000020ffed24310 Uncommon trap: trap_request=0xffffff45 fr.pc=0x0000020f96e2e1a8 relative=0x0000000000002948
Event: 2206.782 Thread 0x0000020ffed24310 Uncommon trap: reason=unstable_if action=reinterpret pc=0x0000020f96e2e1a8 method=io.ktor.utils.io.ByteBufferChannel.resumeWriteOp()V @ 65 c2
Event: 2206.782 Thread 0x0000020ffed24310 DEOPT PACKING pc=0x0000020f96e2e1a8 sp=0x000000a644efe9c0
Event: 2206.782 Thread 0x0000020ffed24310 DEOPT UNPACKING pc=0x0000020f96519d22 sp=0x000000a644efeb00 mode 2
Event: 2269.845 Thread 0x0000020ffed24860 Uncommon trap: trap_request=0xffffff45 fr.pc=0x0000020f96e486d8 relative=0x0000000000001138
Event: 2269.846 Thread 0x0000020ffed24860 Uncommon trap: reason=unstable_if action=reinterpret pc=0x0000020f96e486d8 method=kotlinx.coroutines.internal.LockFreeTaskQueueCore.removeFirstOrNull()Ljava/lang/Object; @ 162 c2
Event: 2269.846 Thread 0x0000020ffed24860 DEOPT PACKING pc=0x0000020f96e486d8 sp=0x000000a644fff510
Event: 2269.846 Thread 0x0000020ffed24860 DEOPT UNPACKING pc=0x0000020f96519d22 sp=0x000000a644fff330 mode 2

Classes loaded (20 events):
Event: 12.479 Loading class java/net/StandardSocketOptions
Event: 12.479 Loading class java/net/StandardSocketOptions done
Event: 12.479 Loading class java/net/StandardSocketOptions$StdSocketOption
Event: 12.479 Loading class java/net/StandardSocketOptions$StdSocketOption done
Event: 12.479 Loading class sun/nio/ch/SocketOptionRegistry
Event: 12.479 Loading class sun/nio/ch/SocketOptionRegistry done
Event: 12.479 Loading class sun/nio/ch/SocketOptionRegistry$RegistryKey
Event: 12.479 Loading class sun/nio/ch/SocketOptionRegistry$RegistryKey done
Event: 12.479 Loading class sun/nio/ch/SocketOptionRegistry$LazyInitialization
Event: 12.479 Loading class sun/nio/ch/SocketOptionRegistry$LazyInitialization done
Event: 12.479 Loading class sun/nio/ch/OptionKey
Event: 12.479 Loading class sun/nio/ch/OptionKey done
Event: 12.479 Loading class sun/nio/ch/ExtendedSocketOption
Event: 12.479 Loading class sun/nio/ch/ExtendedSocketOption done
Event: 12.479 Loading class sun/nio/ch/ExtendedSocketOption$1
Event: 12.479 Loading class sun/nio/ch/ExtendedSocketOption$1 done
Event: 25.453 Loading class jdk/internal/event/ThreadSleepEvent
Event: 25.453 Loading class jdk/internal/event/ThreadSleepEvent done
Event: 310.405 Loading class java/lang/foreign/MemorySegment
Event: 310.405 Loading class java/lang/foreign/MemorySegment done

Classes unloaded (0 events):
No events

Classes redefined (0 events):
No events

Internal exceptions (19 events):
Event: 0.105 Thread 0x0000020f86d76870 Exception <a 'java/lang/NoSuchMethodError'{0x0000000442ad0a00}: 'void java.lang.invoke.DirectMethodHandle$Holder.invokeStatic(java.lang.Object, java.lang.Object, java.lang.Object)'> (0x0000000442ad0a00) 
thrown [s\src\hotspot\share\interpreter\linkResolver.cpp, line 773]
Event: 0.108 Thread 0x0000020f86d76870 Exception <a 'java/lang/NoSuchMethodError'{0x0000000442bddda8}: 'java.lang.Object java.lang.invoke.Invokers$Holder.invokeExact_MT(java.lang.Object, java.lang.Object, java.lang.Object, java.lang.Object, java.lang.Object)'> (0x0000000442bddda8) 
thrown [s\src\hotspot\share\interpreter\linkResolver.cpp, line 773]
Event: 0.231 Thread 0x0000020f86d76870 Exception <a 'java/lang/NoClassDefFoundError'{0x0000000441113c78}: org/slf4j/impl/StaticLoggerBinder> (0x0000000441113c78) 
thrown [s\src\hotspot\share\classfile\systemDictionary.cpp, line 294]
Event: 0.298 Thread 0x0000020ffed24310 Exception <a 'java/lang/NoSuchMethodError'{0x00000004409f1560}: 'java.lang.Object java.lang.invoke.DirectMethodHandle$Holder.invokeStatic(java.lang.Object, java.lang.Object, int, java.lang.Object)'> (0x00000004409f1560) 
thrown [s\src\hotspot\share\interpreter\linkResolver.cpp, line 773]
Event: 0.298 Thread 0x0000020ffed24310 Exception <a 'java/lang/NoSuchMethodError'{0x00000004409f7af0}: 'java.lang.Object java.lang.invoke.DirectMethodHandle$Holder.newInvokeSpecial(java.lang.Object, java.lang.Object, int)'> (0x00000004409f7af0) 
thrown [s\src\hotspot\share\interpreter\linkResolver.cpp, line 773]
Event: 0.342 Thread 0x0000020ffed24310 Exception <a 'java/lang/NoSuchMethodError'{0x00000004431b2578}: 'void java.lang.invoke.DirectMethodHandle$Holder.invokeVirtual(java.lang.Object, java.lang.Object)'> (0x00000004431b2578) 
thrown [s\src\hotspot\share\interpreter\linkResolver.cpp, line 773]
Event: 0.375 Thread 0x0000020ffed24310 Exception <a 'sun/nio/fs/WindowsException'{0x0000000442a7cd90}> (0x0000000442a7cd90) 
thrown [s\src\hotspot\share\prims\jni.cpp, line 519]
Event: 0.392 Thread 0x0000020ffed24310 Exception <a 'java/lang/NoSuchMethodError'{0x0000000442c80b28}: 'java.lang.Object java.lang.invoke.DirectMethodHandle$Holder.invokeStaticInit(java.lang.Object, int, int, int, int)'> (0x0000000442c80b28) 
thrown [s\src\hotspot\share\interpreter\linkResolver.cpp, line 773]
Event: 0.411 Thread 0x0000020ffed24310 Exception <a 'java/lang/NoSuchMethodError'{0x0000000442db3398}: 'java.lang.Object java.lang.invoke.DirectMethodHandle$Holder.invokeStaticInit(java.lang.Object, java.lang.Object, int, int, int, int)'> (0x0000000442db3398) 
thrown [s\src\hotspot\share\interpreter\linkResolver.cpp, line 773]
Event: 0.421 Thread 0x0000020ffed24310 Implicit null exception at 0x0000020f96ce9446 to 0x0000020f96ce94da
Event: 0.451 Thread 0x0000020ffeefa060 Exception <a 'java/lang/NoSuchMethodError'{0x000000044212d678}: 'void java.lang.invoke.DirectMethodHandle$Holder.invokeStatic(java.lang.Object, java.lang.Object)'> (0x000000044212d678) 
thrown [s\src\hotspot\share\interpreter\linkResolver.cpp, line 773]
Event: 0.642 Thread 0x0000020ffed24310 Exception <a 'java/lang/NoSuchMethodError'{0x0000000441b5ed88}: 'int java.lang.invoke.DirectMethodHandle$Holder.invokeSpecial(java.lang.Object, java.lang.Object, java.lang.Object)'> (0x0000000441b5ed88) 
thrown [s\src\hotspot\share\interpreter\linkResolver.cpp, line 773]
Event: 0.643 Thread 0x0000020ffed24310 Exception <a 'java/lang/NoSuchMethodError'{0x0000000441b69028}: 'void java.lang.invoke.DelegatingMethodHandle$Holder.reinvoke_L(java.lang.Object, java.lang.Object, int)'> (0x0000000441b69028) 
thrown [s\src\hotspot\share\interpreter\linkResolver.cpp, line 773]
Event: 0.643 Thread 0x0000020ffed24310 Exception <a 'java/lang/NoSuchMethodError'{0x0000000441b6f8e8}: 'int java.lang.invoke.Invokers$Holder.invokeExact_MT(java.lang.Object, java.lang.Object, java.lang.Object)'> (0x0000000441b6f8e8) 
thrown [s\src\hotspot\share\interpreter\linkResolver.cpp, line 773]
Event: 17.738 Thread 0x0000020f86d76870 Implicit null exception at 0x0000020f8f4e8f6f to 0x0000020f8f4e9b74
Event: 17.738 Thread 0x0000020f86d76870 Exception <a 'java/lang/NullPointerException'{0x0000000443295370}> (0x0000000443295370) 
thrown [s\src\hotspot\share\runtime\sharedRuntime.cpp, line 621]
Event: 19.340 Thread 0x0000020f86d76870 Implicit null exception at 0x0000020f8f4e8f6f to 0x0000020f8f4e9b74
Event: 19.340 Thread 0x0000020f86d76870 Exception <a 'java/lang/NullPointerException'{0x000000044334da78}> (0x000000044334da78) 
thrown [s\src\hotspot\share\runtime\sharedRuntime.cpp, line 621]
Event: 1226.337 Thread 0x0000020ffed24310 Implicit null exception at 0x0000020f96de424b to 0x0000020f96de5324

VM Operations (20 events):
Event: 2160.949 Executing VM operation: Cleanup
Event: 2160.949 Executing VM operation: Cleanup done
Event: 2163.604 Executing VM operation: HandshakeAllThreads
Event: 2163.604 Executing VM operation: HandshakeAllThreads done
Event: 2165.611 Executing VM operation: Cleanup
Event: 2165.611 Executing VM operation: Cleanup done
Event: 2223.801 Executing VM operation: HandshakeAllThreads
Event: 2223.801 Executing VM operation: HandshakeAllThreads done
Event: 2283.881 Executing VM operation: HandshakeAllThreads
Event: 2283.881 Executing VM operation: HandshakeAllThreads done
Event: 2285.896 Executing VM operation: Cleanup
Event: 2285.896 Executing VM operation: Cleanup done
Event: 2344.057 Executing VM operation: HandshakeAllThreads
Event: 2344.057 Executing VM operation: HandshakeAllThreads done
Event: 2379.334 Executing VM operation: Cleanup
Event: 2379.334 Executing VM operation: Cleanup done
Event: 2389.455 Executing VM operation: Cleanup
Event: 2389.455 Executing VM operation: Cleanup done
Event: 2404.155 Executing VM operation: HandshakeAllThreads
Event: 2404.155 Executing VM operation: HandshakeAllThreads done

Events (20 events):
Event: 2376.429 Thread 0x0000020fffb48c10 Thread exited: 0x0000020fffb48c10
Event: 2378.297 Thread 0x0000020fffb47180 Thread added: 0x0000020fffb47180
Event: 2381.592 Thread 0x0000020fffb4d120 Thread exited: 0x0000020fffb4d120
Event: 2383.455 Thread 0x0000020fffb4d120 Thread added: 0x0000020fffb4d120
Event: 2386.753 Thread 0x0000020fffb4ebb0 Thread exited: 0x0000020fffb4ebb0
Event: 2388.634 Thread 0x0000020fffb4c130 Thread added: 0x0000020fffb4c130
Event: 2391.935 Thread 0x0000020fffb4e110 Thread exited: 0x0000020fffb4e110
Event: 2393.805 Thread 0x0000020fffb47c20 Thread added: 0x0000020fffb47c20
Event: 2397.095 Thread 0x0000020fffb4e660 Thread exited: 0x0000020fffb4e660
Event: 2398.981 Thread 0x0000020fffb4dbc0 Thread added: 0x0000020fffb4dbc0
Event: 2402.253 Thread 0x0000020fffb49160 Thread exited: 0x0000020fffb49160
Event: 2404.152 Thread 0x0000020fffb49c00 Thread added: 0x0000020fffb49c00
Event: 2407.453 Thread 0x0000020fffb4cbd0 Thread exited: 0x0000020fffb4cbd0
Event: 2409.319 Thread 0x0000020fffb4cbd0 Thread added: 0x0000020fffb4cbd0
Event: 2412.616 Thread 0x0000020fffb4abf0 Thread exited: 0x0000020fffb4abf0
Event: 2414.497 Thread 0x0000020fffb4ebb0 Thread added: 0x0000020fffb4ebb0
Event: 2417.788 Thread 0x0000020fffb4b140 Thread exited: 0x0000020fffb4b140
Event: 2419.799 Thread 0x0000020fffb4abf0 Thread added: 0x0000020fffb4abf0
Event: 2422.949 Thread 0x0000020fffb4b690 Thread exited: 0x0000020fffb4b690
Event: 2424.974 Thread 0x0000020fffb476d0 Thread added: 0x0000020fffb476d0


Dynamic libraries:
0x00007ff651840000 - 0x00007ff65184e000 	C:\Users\Patrick\.jdks\corretto-20.0.2.1\bin\java.exe
0x00007ffaceed0000 - 0x00007ffacf0e7000 	C:\Windows\SYSTEM32\ntdll.dll
0x00007fface8a0000 - 0x00007fface964000 	C:\Windows\System32\KERNEL32.DLL
0x00007ffacc560000 - 0x00007ffacc90c000 	C:\Windows\System32\KERNELBASE.dll
0x00007ffacc230000 - 0x00007ffacc341000 	C:\Windows\System32\ucrtbase.dll
0x00007ffac5c00000 - 0x00007ffac5c1b000 	C:\Users\Patrick\.jdks\corretto-20.0.2.1\bin\VCRUNTIME140.dll
0x00007ffac2650000 - 0x00007ffac2667000 	C:\Users\Patrick\.jdks\corretto-20.0.2.1\bin\jli.dll
0x00007ffaceab0000 - 0x00007ffacec5e000 	C:\Windows\System32\USER32.dll
0x00007ffacc350000 - 0x00007ffacc376000 	C:\Windows\System32\win32u.dll
0x00007ffab3470000 - 0x00007ffab3703000 	C:\Windows\WinSxS\amd64_microsoft.windows.common-controls_6595b64144ccf1df_6.0.22621.3672_none_2713b9d173822955\COMCTL32.dll
0x00007fface5e0000 - 0x00007fface609000 	C:\Windows\System32\GDI32.dll
0x00007ffacede0000 - 0x00007ffacee87000 	C:\Windows\System32\msvcrt.dll
0x00007ffacc440000 - 0x00007ffacc559000 	C:\Windows\System32\gdi32full.dll
0x00007ffacc990000 - 0x00007ffacca2a000 	C:\Windows\System32\msvcp_win.dll
0x00007ffacded0000 - 0x00007ffacdf01000 	C:\Windows\System32\IMM32.DLL
0x00007ffac5c30000 - 0x00007ffac5c3c000 	C:\Users\Patrick\.jdks\corretto-20.0.2.1\bin\vcruntime140_1.dll
0x00007ffa9df50000 - 0x00007ffa9dfde000 	C:\Users\Patrick\.jdks\corretto-20.0.2.1\bin\msvcp140.dll
0x00007ffa18e80000 - 0x00007ffa19b84000 	C:\Users\Patrick\.jdks\corretto-20.0.2.1\bin\server\jvm.dll
0x00007fface520000 - 0x00007fface5d2000 	C:\Windows\System32\ADVAPI32.dll
0x00007ffacdf10000 - 0x00007ffacdfba000 	C:\Windows\System32\sechost.dll
0x00007ffacc200000 - 0x00007ffacc228000 	C:\Windows\System32\bcrypt.dll
0x00007fface990000 - 0x00007ffaceaa5000 	C:\Windows\System32\RPCRT4.dll
0x00007ffa02f00000 - 0x00007ffa02f09000 	C:\Windows\SYSTEM32\WSOCK32.dll
0x00007ffac6070000 - 0x00007ffac60a4000 	C:\Windows\SYSTEM32\WINMM.dll
0x00007fface610000 - 0x00007fface681000 	C:\Windows\System32\WS2_32.dll
0x00007ffac7cb0000 - 0x00007ffac7cba000 	C:\Windows\SYSTEM32\VERSION.dll
0x00007ffacb280000 - 0x00007ffacb298000 	C:\Windows\SYSTEM32\kernel.appcore.dll
0x00007ffac2640000 - 0x00007ffac264a000 	C:\Users\Patrick\.jdks\corretto-20.0.2.1\bin\jimage.dll
0x00007ffac88a0000 - 0x00007ffac8ad2000 	C:\Windows\SYSTEM32\DBGHELP.DLL
0x00007ffacd2b0000 - 0x00007ffacd638000 	C:\Windows\System32\combase.dll
0x00007fface440000 - 0x00007fface517000 	C:\Windows\System32\OLEAUT32.dll
0x00007ffac8860000 - 0x00007ffac8892000 	C:\Windows\SYSTEM32\dbgcore.DLL
0x00007ffacc910000 - 0x00007ffacc98b000 	C:\Windows\System32\bcryptPrimitives.dll
0x00007ffab2d10000 - 0x00007ffab2d4c000 	C:\Users\Patrick\.jdks\corretto-20.0.2.1\bin\jdwp.dll
0x00007ffac2630000 - 0x00007ffac263e000 	C:\Users\Patrick\.jdks\corretto-20.0.2.1\bin\instrument.dll
0x00007ffabb700000 - 0x00007ffabb726000 	C:\Users\Patrick\.jdks\corretto-20.0.2.1\bin\java.dll
0x00007ffac2610000 - 0x00007ffac2628000 	C:\Users\Patrick\.jdks\corretto-20.0.2.1\bin\zip.dll
0x00007ffa874d0000 - 0x00007ffa875a7000 	C:\Users\Patrick\.jdks\corretto-20.0.2.1\bin\jsvml.dll
0x00007ffacd650000 - 0x00007ffacdeac000 	C:\Windows\System32\SHELL32.dll
0x00007ffaca110000 - 0x00007ffacaa07000 	C:\Windows\SYSTEM32\windows.storage.dll
0x00007ffac9fd0000 - 0x00007ffaca10f000 	C:\Windows\SYSTEM32\wintypes.dll
0x00007ffacec60000 - 0x00007ffaced54000 	C:\Windows\System32\SHCORE.dll
0x00007ffaccff0000 - 0x00007ffacd04e000 	C:\Windows\System32\shlwapi.dll
0x00007ffacc130000 - 0x00007ffacc151000 	C:\Windows\SYSTEM32\profapi.dll
0x00007ffab2d00000 - 0x00007ffab2d0c000 	C:\Users\Patrick\.jdks\corretto-20.0.2.1\bin\dt_socket.dll
0x00007ffacace0000 - 0x00007ffacad0d000 	C:\Windows\SYSTEM32\IPHLPAPI.DLL
0x00007ffacb740000 - 0x00007ffacb7a9000 	C:\Windows\system32\mswsock.dll
0x00007ffac1b50000 - 0x00007ffac1b63000 	C:\Users\Patrick\.jdks\corretto-20.0.2.1\bin\net.dll
0x00007ffac7b20000 - 0x00007ffac7c56000 	C:\Windows\SYSTEM32\WINHTTP.dll
0x00007ffab3250000 - 0x00007ffab3266000 	C:\Users\Patrick\.jdks\corretto-20.0.2.1\bin\nio.dll
0x00007ffab3240000 - 0x00007ffab3250000 	C:\Users\Patrick\.jdks\corretto-20.0.2.1\bin\verify.dll
0x00007ffab3180000 - 0x00007ffab318e000 	C:\Users\Patrick\.jdks\corretto-20.0.2.1\bin\sunmscapi.dll
0x00007ffaccaa0000 - 0x00007ffaccc07000 	C:\Windows\System32\CRYPT32.dll
0x00007ffacbbb0000 - 0x00007ffacbbde000 	C:\Windows\SYSTEM32\ncrypt.dll
0x00007ffacbb70000 - 0x00007ffacbba7000 	C:\Windows\SYSTEM32\NTASN1.dll
0x00007ffacba90000 - 0x00007ffacbaab000 	C:\Windows\SYSTEM32\CRYPTSP.dll
0x00007ffacb240000 - 0x00007ffacb275000 	C:\Windows\system32\rsaenh.dll
0x00007ffacb7e0000 - 0x00007ffacb808000 	C:\Windows\SYSTEM32\USERENV.dll
0x00007ffacba70000 - 0x00007ffacba7c000 	C:\Windows\SYSTEM32\CRYPTBASE.dll
0x00007ffacdec0000 - 0x00007ffacdec9000 	C:\Windows\System32\NSI.dll
0x00007ffac7aa0000 - 0x00007ffac7ab9000 	C:\Windows\SYSTEM32\dhcpcsvc6.DLL
0x00007ffac7a80000 - 0x00007ffac7a9f000 	C:\Windows\SYSTEM32\dhcpcsvc.DLL
0x00007ffacad10000 - 0x00007ffacae08000 	C:\Windows\SYSTEM32\DNSAPI.dll
0x00000000545b0000 - 0x00000000545d6000 	C:\Program Files\Bonjour\mdnsNSP.dll
0x00007ffac07f0000 - 0x00007ffac07fa000 	C:\Windows\System32\rasadhlp.dll
0x00007ffac0410000 - 0x00007ffac0493000 	C:\Windows\System32\fwpuclnt.dll
0x00007ffab3210000 - 0x00007ffab3217000 	C:\Users\Patrick\.jdks\corretto-20.0.2.1\bin\extnet.dll

dbghelp: loaded successfully - version: 4.0.5 - missing functions: none
symbol engine: initialized successfully - sym options: 0x614 - pdb path: .;C:\Users\Patrick\.jdks\corretto-20.0.2.1\bin;C:\Windows\SYSTEM32;C:\Windows\WinSxS\amd64_microsoft.windows.common-controls_6595b64144ccf1df_6.0.22621.3672_none_2713b9d173822955;C:\Users\Patrick\.jdks\corretto-20.0.2.1\bin\server;C:\Program Files\Bonjour

VM Arguments:
jvm_args: -agentlib:jdwp=transport=dt_socket,address=127.0.0.1:60667,suspend=y,server=n -javaagent:C:/Users/Patrick/.gradle/caches/modules-2/files-2.1/org.jetbrains.kotlinx/kotlinx-coroutines-core-jvm/1.8.1/bb0e192bd7c2b6b8217440d36e9758e377e450/kotlinx-coroutines-core-jvm-1.8.1.jar -javaagent:C:\Users\Patrick\AppData\Local\JetBrains\IdeaIC2024.1\captureAgent\debugger-agent.jar=file:/C:/Users/Patrick/AppData/Local/Temp/capture.props -Dfile.encoding=UTF-8 -Dsun.stdout.encoding=UTF-8 -Dsun.stderr.encoding=UTF-8 
java_command: org.example.MainKt
java_class_path (initial): C:\Users\Patrick\IdeaProjects\WarBot\build\classes\kotlin\main;C:\Users\Patrick\.gradle\caches\modules-2\files-2.1\com.squareup.okhttp3\okhttp\4.12.0\2f4525d4a200e97e1b87449c2cd9bd2e25b7e8cd\okhttp-4.12.0.jar;C:\Users\Patrick\.gradle\caches\modules-2\files-2.1\org.jetbrains.kotlin\kotlin-stdlib\2.0.0\b48df2c4aede9586cc931ead433bc02d6fd7879e\kotlin-stdlib-2.0.0.jar;C:\Users\Patrick\.gradle\caches\modules-2\files-2.1\work.socialhub.kbsky\core-jvm\0.0.1-SNAPSHOT\d1058b839bf49d08b75601abb95584ddfbd4c40\core-jvm-0.0.1-SNAPSHOT.jar;C:\Users\Patrick\.gradle\caches\modules-2\files-2.1\work.socialhub.kbsky\stream-jvm\0.0.1-SNAPSHOT\f1b552f1337d84f762f8b956c46ab504113f7257\stream-jvm-0.0.1-SNAPSHOT.jar;C:\Users\Patrick\.gradle\caches\modules-2\files-2.1\org.jetbrains.kotlin\kotlin-stdlib-jdk8\1.8.22\b25c86d47d6b962b9cf0f8c3f320c8a10eea3dd1\kotlin-stdlib-jdk8-1.8.22.jar;C:\Users\Patrick\.gradle\caches\modules-2\files-2.1\org.jetbrains\annotations\23.0.0\8cc20c07506ec18e0834947b84a864bfc094484e\annotations-23.0.0.jar;C:\Users\Patrick\.gradle\caches\modules-2\files-2.1\org.jetbrains.kotlin\kotlin-stdlib-jdk7\1.8.22\4dabb8248310d833bb6a8b516024a91fd3d275c\kotlin-stdlib-jdk7-1.8.22.jar;C:\Users\Patrick\.gradle\caches\modules-2\files-2.1\com.squareup.okio\okio-jvm\3.7.0\276b999b41f7dcde00054848fc53af338d86b349\okio-jvm-3.7.0.jar;C:\Users\Patrick\.gradle\caches\modules-2\files-2.1\work.socialhub\khttpclient-jvm\0.0.1-SNAPSHOT\4cae563faa409de331c78be6668fbc25707cf729\khttpclient-jvm-0.0.1-SNAPSHOT.jar;C:\Users\Patrick\.gradle\caches\modules-2\files-2.1\io.ktor\ktor-client-core-jvm\2.3.12\28fa076d837aa890661d28030d45b548af375980\ktor-client-core-jvm-2.3.12.jar;C:\Users\Patrick\.gradle\caches\modules-2\files-2.1\org.jetbrains.kotlinx\kotlinx-serialization-cbor-jvm\1.7.0\71f74fe59a5be0d3414089463b4a49f456b4153e\kotlinx-serialization-cbor-jvm-1.7.0.jar;C:\Users\Patrick\.gradle\caches\modules-2\files-2.1\org.jetbrains.kotlinx\kotlinx-serialization-json-jvm\1.7.0\f4a6f6e002edb22725309b829bacdb5ac2fb4630\kotlinx-serialization-json-jvm-1.7.0.jar;C:\Users\Patrick\.gradle\caches\modules-2\files-2.1\org.jetbrains.kotlinx\kotlinx-coroutines-core-jvm\1.8.1\bb0e192bd7c2b6b8217440d36e9758e377e450\kotlinx-coroutines-core-jvm-1.8.1.jar;C:\Users\Patrick\.gradle\caches\modules-2\files-2.1\org.jetbrains.kotlinx\kotlinx-datetime-jvm\0.6.0\a6362032556c0fa4a06be6105a21e944f120fd2d\kotlinx-datetime-jvm-0.6.0.jar;C:\Users\Patrick\.gradle\caches\modules-2\files-2.1\org.jetbrains.kotlinx\kotlinx-coroutines-jdk8\1.8.1\a9c5828df815ab41dd9063fda549715c41e8bfab\kotlinx-coroutines-jdk8-1.8.1.jar;C:\Users\Patrick\.gradle\caches\modules-2\files-2.1\org.jetbrains.kotlinx\kotlinx-coroutines-slf4j\1.8.1\a64ea6ebcb63208589fd45a00a1f47985ecd34c3\kotlinx-coroutines-slf4j-1.8.1.jar;C:\Users\Patrick\.gradle\caches\modules-2\files-2.1\org.slf4j\slf4j-api\1.7.36\6c62681a2f655b49963a5983b8b0950a6120ae14\slf4j-api-1.7.36.jar;C:\Users\Patrick\.gradle\caches\modules-2\files-2.1\io.ktor\ktor-client-okhttp-jvm\2.3.11\7f2bb0c9c918dca6ac832d710ab10ea1c9ba67af\ktor-client-okhttp-jvm-2.3.11.jar;C:\Users\Patrick\.gradle\caches\modules-2\files-2.1\io.ktor\ktor-client-websockets-jvm\2.3.11\5f6d9e6b471ec242b4205a5c4ae61e4d2414bd28\ktor-client-websockets-jvm-2.3.11.jar;C:\Users\Patrick\.gradle\caches\modules-2\files-2.1\io.ktor\ktor-events-jvm\2.3.12\d8f19c13700f04027436fb42ac5458e305b81423\ktor-events-jvm-2.3.12.jar;C:\Users\Patrick\.gradle\caches\modules-2\files-2.1\io.ktor\ktor-websocket-serialization-jvm\2.3.12\24dfd8568e5e9625632b0cb5ea89dbfdce975994\ktor-websocket-serialization-jvm-2.3.12.jar;C:\Users\Patrick\.gradle\caches\modules-2\files-2.1\io.ktor\ktor-http-jvm\2.3.12\2f3ac4d5a075b69fcd57073b8cd4fdfb725f1e00\ktor-http-jvm-2.3.12.jar;C:\Users\Patrick\.gradle\caches\modules-2\files-2.1\org.jetbrains.kotlinx\kotlinx-serialization-core-jvm\1.7.0\d12521a5361493aa8a3fb43b2d729b5edae1b100\kotlinx-serialization-core-jvm-1.7.0.jar;C:\Users\Patrick\.gradle\caches\modules-2\files-2.1\io.ktor\ktor-utils-jvm\2.3.12\7cb89952751d184b60f9c312b70842e75c01bf44\ktor-utils-jvm-2.3.12.jar;C:\Users\Patrick\.gradle\caches\modules-2\files-2.1\io.ktor\ktor-serialization-jvm\2.3.12\81e9bbd2417193ff23b0e2a89e383e78083fbad0\ktor-serialization-jvm-2.3.12.jar;C:\Users\Patrick\.gradle\caches\modules-2\files-2.1\io.ktor\ktor-io-jvm\2.3.12\dea94306b4bd351f6e32ac3fbfb196db58f955f\ktor-io-jvm-2.3.12.jar;C:\Users\Patrick\.gradle\caches\modules-2\files-2.1\io.ktor\ktor-websockets-jvm\2.3.12\39a56f99eab9e067b8f7e67bc849b1f790575a28\ktor-websockets-jvm-2.3.12.jar;C:\Users\Patrick\AppData\Local\Programs\IntelliJ IDEA Community Edition\lib\idea_rt.jar
Launcher Type: SUN_STANDARD

[Global flags]
     intx CICompilerCount                          = 15                                        {product} {ergonomic}
     uint ConcGCThreads                            = 6                                         {product} {ergonomic}
     uint G1ConcRefinementThreads                  = 23                                        {product} {ergonomic}
   size_t G1HeapRegionSize                         = 8388608                                   {product} {ergonomic}
    uintx GCDrainStackTargetSize                   = 64                                        {product} {ergonomic}
   size_t InitialHeapSize                          = 1073741824                                {product} {ergonomic}
   size_t MarkStackSize                            = 4194304                                   {product} {ergonomic}
   size_t MaxHeapSize                              = 17121148928                               {product} {ergonomic}
   size_t MaxNewSize                               = 10267656192                               {product} {ergonomic}
   size_t MinHeapDeltaBytes                        = 8388608                                   {product} {ergonomic}
   size_t MinHeapSize                              = 8388608                                   {product} {ergonomic}
    uintx NonNMethodCodeHeapSize                   = 8192380                                {pd product} {ergonomic}
    uintx NonProfiledCodeHeapSize                  = 121732930                              {pd product} {ergonomic}
    uintx ProfiledCodeHeapSize                     = 121732930                              {pd product} {ergonomic}
    uintx ReservedCodeCacheSize                    = 251658240                              {pd product} {ergonomic}
     bool SegmentedCodeCache                       = true                                      {product} {ergonomic}
   size_t SoftMaxHeapSize                          = 17121148928                            {manageable} {ergonomic}
     bool UseCompressedClassPointers               = true                           {product lp64_product} {ergonomic}
     bool UseCompressedOops                        = true                           {product lp64_product} {ergonomic}
     bool UseG1GC                                  = true                                      {product} {ergonomic}
     bool UseLargePagesIndividualAllocation        = false                                  {pd product} {ergonomic}

Logging:
Log output configuration:
 #0: stdout all=warning uptime,level,tags foldmultilines=false
 #1: stderr all=off uptime,level,tags foldmultilines=false

Environment Variables:
PATH=C:\Windows\system32;C:\Windows;C:\Windows\System32\Wbem;C:\Windows\System32\WindowsPowerShell\v1.0\;C:\Windows\System32\OpenSSH\;C:\Program Files\NVIDIA Corporation\NVIDIA App\NvDLISR;C:\Program Files (x86)\NVIDIA Corporation\PhysX\Common;C:\Program Files\Git\cmd;C:\Users\Patrick\AppData\Local\Microsoft\WindowsApps;C:\Users\Patrick\AppData\Local\JetBrains\Toolbox\scripts
USERNAME=Patrick
OS=Windows_NT
PROCESSOR_IDENTIFIER=Intel64 Family 6 Model 183 Stepping 1, GenuineIntel
TMP=C:\Users\Patrick\AppData\Local\Temp
TEMP=C:\Users\Patrick\AppData\Local\Temp




---------------  S Y S T E M  ---------------

OS:
 Windows 11 , 64 bit Build 22621 (10.0.22621.3672)
OS uptime: 3 days 20:05 hours
Hyper-V role detected

CPU: total 32 (initial active 32) (16 cores per cpu, 2 threads per core) family 6 model 183 stepping 1 microcode 0x120, cx8, cmov, fxsr, ht, mmx, 3dnowpref, sse, sse2, sse3, ssse3, sse4.1, sse4.2, popcnt, lzcnt, tsc, tscinvbit, avx, avx2, aes, erms, clmul, bmi1, bmi2, adx, sha, fma, vzeroupper, clflush, clflushopt, clwb, hv, serialize, rdtscp, rdpid, fsrm, f16c, cet_ibt, cet_ss

Memory: 4k page, system-wide physical 65297M (33380M free)
TotalPageFile size 78348M (AvailPageFile size 30857M)
current process WorkingSet (physical memory assigned to process): 263M, peak: 297M
current process commit charge ("private bytes"): 1201M, peak: 1247M

vm_info: OpenJDK 64-Bit Server VM (20.0.2.1+10-FR) for windows-amd64 JRE (20.0.2.1+10-FR), built on 2023-08-19T09:18:31Z by "Administrator" with unknown MS VC++:1937

END.
